Shader "./scheduling.bin"
GPRs = 4 temp GPRs = 0 global GPRs = 0
stack = 0 alloc = 464
wavefronts per group = 8 using 2 pipes

items per group = 16x16x1 = 256
number of groups = 2x2x1 = 4
domain size = 32x32x1 = 1024

This shader has one primary output buffer of 4 32-bit ints per wavefront.
Output size = 64 ints, 80 w/guard, 320 bytes.
Initializing output buffer, 320 bytes ... done.
Mapping output buffer as RAT resource (id=0) ... done.
Initializing the constant cache (id=0) ... done.
Initializing the rest of the CS ... done.

Executing kernel ... done.

Execution time: 329092 ns
0.000905592 GByte/s
0.00724474 Gbit/s

Making GPU timestamps relative ... done (107 cycles).
Kernel output:
OK
