Shader "./scheduling.bin"
GPRs = 4 temp GPRs = 0 global GPRs = 0
stack = 0 alloc = 464
wavefronts per group = 8 using 2 pipes

items per group = 16x16x1 = 256
number of groups = 4x4x1 = 16
domain size = 64x64x1 = 4096

This shader has one primary output buffer of 4 32-bit ints per wavefront.
Output size = 256 ints, 272 w/guard, 1088 bytes.
Initializing output buffer, 1088 bytes ... done.
Mapping output buffer as RAT resource (id=0) ... done.
Initializing the constant cache (id=0) ... done.
Initializing the rest of the CS ... done.

Executing kernel ... done.

Execution time: 257015 ns
0.00394249 GByte/s
0.0315399 Gbit/s

Making GPU timestamps relative ... done (621 cycles).
Kernel output:
OK
